<?xml version="1.0" encoding="UTF-8"?>
<testng-results skipped="0" failed="0" ignored="0" total="1" passed="1">
  <reporter-output>
  </reporter-output>
  <suite name="Default suite" duration-ms="40375" started-at="2019-01-31T15:27:06Z" finished-at="2019-01-31T15:27:47Z">
    <groups>
    </groups>
    <test name="Default test" duration-ms="40375" started-at="2019-01-31T15:27:06Z" finished-at="2019-01-31T15:27:47Z">
      <class name="com.training.sanity.tests.RETC_062_MultipleUsersRegister">
        <test-method status="PASS" signature="beforeClass()[pri:0, instance:com.training.sanity.tests.RETC_062_MultipleUsersRegister@47c62251]" name="beforeClass" is-config="true" duration-ms="47" started-at="2019-01-31T15:27:06Z" finished-at="2019-01-31T15:27:07Z">
          <reporter-output>
          </reporter-output>
        </test-method> <!-- beforeClass -->
        <test-method status="PASS" signature="beforeMethod()[pri:0, instance:com.training.sanity.tests.RETC_062_MultipleUsersRegister@47c62251]" name="beforeMethod" is-config="true" duration-ms="26535" started-at="2019-01-31T15:27:07Z" finished-at="2019-01-31T15:27:33Z">
          <reporter-output>
          </reporter-output>
        </test-method> <!-- beforeMethod -->
        <test-method status="PASS" signature="registerDBTest()[pri:0, instance:com.training.sanity.tests.RETC_062_MultipleUsersRegister@47c62251]" name="registerDBTest" duration-ms="7786" started-at="2019-01-31T15:27:33Z" finished-at="2019-01-31T15:27:41Z">
          <reporter-output>
          </reporter-output>
        </test-method> <!-- registerDBTest -->
        <test-method status="PASS" signature="tearDown()[pri:0, instance:com.training.sanity.tests.RETC_062_MultipleUsersRegister@47c62251]" name="tearDown" is-config="true" duration-ms="5976" started-at="2019-01-31T15:27:41Z" finished-at="2019-01-31T15:27:47Z">
          <reporter-output>
          </reporter-output>
        </test-method> <!-- tearDown -->
      </class> <!-- com.training.sanity.tests.RETC_062_MultipleUsersRegister -->
    </test> <!-- Default test -->
  </suite> <!-- Default suite -->
</testng-results>
